2025-03-15T00:01:20.276-04:00 DEBUG 16108 --- [project-management] [http-nio-8080-exec-8] o.s.security.web.FilterChainProxy        : Securing GET /
2025-03-15T00:01:20.282-04:00 DEBUG 16108 --- [project-management] [http-nio-8080-exec-8] o.s.security.web.FilterChainProxy        : Secured GET /
2025-03-15T00:01:20.282-04:00 DEBUG 16108 --- [project-management] [http-nio-8080-exec-8] c.j.pma.logging.ApplicationLoggerAspect  : 


2025-03-15T00:01:20.282-04:00 DEBUG 16108 --- [project-management] [http-nio-8080-exec-8] c.j.pma.logging.ApplicationLoggerAspect  : *** Before Method Execution *** 
 com.jrp.pma.controllers.HomeController, displayHome, [{}] with arguments[s] = {}
2025-03-15T00:01:20.282-04:00 DEBUG 16108 --- [project-management] [http-nio-8080-exec-8] c.j.pma.logging.ApplicationLoggerAspect  : *** Done with Before logging ***


2025-03-15T00:01:20.291-04:00 DEBUG 16108 --- [project-management] [http-nio-8080-exec-8] c.j.pma.logging.ApplicationLoggerAspect  : 


2025-03-15T00:01:20.291-04:00 DEBUG 16108 --- [project-management] [http-nio-8080-exec-8] c.j.pma.logging.ApplicationLoggerAspect  : *** After Method Execution *** 
 com.jrp.pma.controllers.HomeController, displayHome, [{versionNumber=dev, projects=[com.jrp.pma.entities.Project@58338c81, com.jrp.pma.entities.Project@4f786d36, com.jrp.pma.entities.Project@3481a317, com.jrp.pma.entities.Project@6e9abf6d, com.jrp.pma.entities.Project@34bb3def, com.jrp.pma.entities.Project@56413668, com.jrp.pma.entities.Project@6b41eaab, com.jrp.pma.entities.Project@52d0d79, com.jrp.pma.entities.Project@20ba1e99, com.jrp.pma.entities.Project@13debd61, com.jrp.pma.entities.Project@723b1564, com.jrp.pma.entities.Project@43c25b7f, com.jrp.pma.entities.Project@4738c0c8, com.jrp.pma.entities.Project@3db21162, com.jrp.pma.entities.Project@4230c364, com.jrp.pma.entities.Project@565609b6, com.jrp.pma.entities.Project@2a247ef2, com.jrp.pma.entities.Project@268430dd, com.jrp.pma.entities.Project@1c7b4642, com.jrp.pma.entities.Project@17dd50ec], employeesListProjectCnt=[org.springframework.data.jpa.repository.query.AbstractJpaQuery$TupleConverter$TupleBackedMap@580e18d1, org.springframework.data.jpa.repository.query.AbstractJpaQuery$TupleConverter$TupleBackedMap@f1b0c66, org.springframework.data.jpa.repository.query.AbstractJpaQuery$TupleConverter$TupleBackedMap@1ea299e3, org.springframework.data.jpa.repository.query.AbstractJpaQuery$TupleConverter$TupleBackedMap@7ffce787, org.springframework.data.jpa.repository.query.AbstractJpaQuery$TupleConverter$TupleBackedMap@571ca039, org.springframework.data.jpa.repository.query.AbstractJpaQuery$TupleConverter$TupleBackedMap@33fe80, org.springframework.data.jpa.repository.query.AbstractJpaQuery$TupleConverter$TupleBackedMap@a5402e4, org.springframework.data.jpa.repository.query.AbstractJpaQuery$TupleConverter$TupleBackedMap@128c0cf6, org.springframework.data.jpa.repository.query.AbstractJpaQuery$TupleConverter$TupleBackedMap@20a36bf6, org.springframework.data.jpa.repository.query.AbstractJpaQuery$TupleConverter$TupleBackedMap@3f7b469c], projectStatusCnt=[{"label":"INPROGRESS","stageCount":"11"},{"label":"COMPLETED","stageCount":"4"},{"label":"NOTSTARTED","stageCount":"5"}]}] with arguments[s] = {}
2025-03-15T00:01:20.291-04:00 DEBUG 16108 --- [project-management] [http-nio-8080-exec-8] c.j.pma.logging.ApplicationLoggerAspect  : *** Done with After logging ***


2025-03-15T00:01:20.295-04:00 DEBUG 16108 --- [project-management] [http-nio-8080-exec-8] w.c.HttpSessionSecurityContextRepository : Retrieved SecurityContextImpl [Authentication=UsernamePasswordAuthenticationToken [Principal=org.springframework.security.core.userdetails.User [Username=admin, Password=[PROTECTED], Enabled=true, AccountNonExpired=true, CredentialsNonExpired=true, AccountNonLocked=true, Granted Authorities=[ROLE_ADMIN]], Credentials=[PROTECTED], Authenticated=true, Details=WebAuthenticationDetails [RemoteIpAddress=0:0:0:0:0:0:0:1, SessionId=C0B2812DFCED19F4BC82D2BBC0E15F21], Granted Authorities=[ROLE_ADMIN]]]
2025-03-15T00:01:42.679-04:00 DEBUG 16108 --- [project-management] [http-nio-8080-exec-7] o.s.security.web.FilterChainProxy        : Securing GET /employees
2025-03-15T00:01:42.679-04:00 DEBUG 16108 --- [project-management] [http-nio-8080-exec-7] w.c.HttpSessionSecurityContextRepository : Retrieved SecurityContextImpl [Authentication=UsernamePasswordAuthenticationToken [Principal=org.springframework.security.core.userdetails.User [Username=admin, Password=[PROTECTED], Enabled=true, AccountNonExpired=true, CredentialsNonExpired=true, AccountNonLocked=true, Granted Authorities=[ROLE_ADMIN]], Credentials=[PROTECTED], Authenticated=true, Details=WebAuthenticationDetails [RemoteIpAddress=0:0:0:0:0:0:0:1, SessionId=C0B2812DFCED19F4BC82D2BBC0E15F21], Granted Authorities=[ROLE_ADMIN]]]
2025-03-15T00:01:42.679-04:00 DEBUG 16108 --- [project-management] [http-nio-8080-exec-7] o.s.security.web.FilterChainProxy        : Secured GET /employees
2025-03-15T00:01:42.679-04:00 DEBUG 16108 --- [project-management] [http-nio-8080-exec-7] c.j.pma.logging.ApplicationLoggerAspect  : 


2025-03-15T00:01:42.679-04:00 DEBUG 16108 --- [project-management] [http-nio-8080-exec-7] c.j.pma.logging.ApplicationLoggerAspect  : *** Before Method Execution *** 
 com.jrp.pma.controllers.EmployeeController, displayEmployees, [{}] with arguments[s] = {}
2025-03-15T00:01:42.679-04:00 DEBUG 16108 --- [project-management] [http-nio-8080-exec-7] c.j.pma.logging.ApplicationLoggerAspect  : *** Done with Before logging ***


2025-03-15T00:01:42.682-04:00 DEBUG 16108 --- [project-management] [http-nio-8080-exec-7] c.j.pma.logging.ApplicationLoggerAspect  : 


2025-03-15T00:01:42.682-04:00 DEBUG 16108 --- [project-management] [http-nio-8080-exec-7] c.j.pma.logging.ApplicationLoggerAspect  : *** After Method Execution *** 
 com.jrp.pma.controllers.EmployeeController, displayEmployees, [{employees=[com.jrp.pma.entities.Employee@d25b6f0, com.jrp.pma.entities.Employee@5566cda4, com.jrp.pma.entities.Employee@5ffb8e9e, com.jrp.pma.entities.Employee@37540b28, com.jrp.pma.entities.Employee@20a351e, com.jrp.pma.entities.Employee@26a031aa, com.jrp.pma.entities.Employee@42c64479, com.jrp.pma.entities.Employee@79b2007, com.jrp.pma.entities.Employee@5f9d66e5, com.jrp.pma.entities.Employee@2a243fc3]}] with arguments[s] = {}
2025-03-15T00:01:42.682-04:00 DEBUG 16108 --- [project-management] [http-nio-8080-exec-7] c.j.pma.logging.ApplicationLoggerAspect  : *** Done with After logging ***


2025-03-15T00:01:44.846-04:00 DEBUG 16108 --- [project-management] [http-nio-8080-exec-9] o.s.security.web.FilterChainProxy        : Securing GET /projects
2025-03-15T00:01:44.846-04:00 DEBUG 16108 --- [project-management] [http-nio-8080-exec-9] w.c.HttpSessionSecurityContextRepository : Retrieved SecurityContextImpl [Authentication=UsernamePasswordAuthenticationToken [Principal=org.springframework.security.core.userdetails.User [Username=admin, Password=[PROTECTED], Enabled=true, AccountNonExpired=true, CredentialsNonExpired=true, AccountNonLocked=true, Granted Authorities=[ROLE_ADMIN]], Credentials=[PROTECTED], Authenticated=true, Details=WebAuthenticationDetails [RemoteIpAddress=0:0:0:0:0:0:0:1, SessionId=C0B2812DFCED19F4BC82D2BBC0E15F21], Granted Authorities=[ROLE_ADMIN]]]
2025-03-15T00:01:44.846-04:00 DEBUG 16108 --- [project-management] [http-nio-8080-exec-9] o.s.security.web.FilterChainProxy        : Secured GET /projects
2025-03-15T00:01:44.846-04:00 DEBUG 16108 --- [project-management] [http-nio-8080-exec-9] c.j.pma.logging.ApplicationLoggerAspect  : 


2025-03-15T00:01:44.846-04:00 DEBUG 16108 --- [project-management] [http-nio-8080-exec-9] c.j.pma.logging.ApplicationLoggerAspect  : *** Before Method Execution *** 
 com.jrp.pma.controllers.ProjectController, displayProjects, [{}] with arguments[s] = {}
2025-03-15T00:01:44.846-04:00 DEBUG 16108 --- [project-management] [http-nio-8080-exec-9] c.j.pma.logging.ApplicationLoggerAspect  : *** Done with Before logging ***


2025-03-15T00:01:44.852-04:00 DEBUG 16108 --- [project-management] [http-nio-8080-exec-9] c.j.pma.logging.ApplicationLoggerAspect  : 


2025-03-15T00:01:44.853-04:00 DEBUG 16108 --- [project-management] [http-nio-8080-exec-9] c.j.pma.logging.ApplicationLoggerAspect  : *** After Method Execution *** 
 com.jrp.pma.controllers.ProjectController, displayProjects, [{projects=[com.jrp.pma.entities.Project@40e02ce, com.jrp.pma.entities.Project@16bb34ab, com.jrp.pma.entities.Project@190be8f6, com.jrp.pma.entities.Project@403011da, com.jrp.pma.entities.Project@57f32814, com.jrp.pma.entities.Project@137f4b8a, com.jrp.pma.entities.Project@5d7701f, com.jrp.pma.entities.Project@3631031c, com.jrp.pma.entities.Project@117c102b, com.jrp.pma.entities.Project@291592c9, com.jrp.pma.entities.Project@595fcae6, com.jrp.pma.entities.Project@6abca3df, com.jrp.pma.entities.Project@130f045b, com.jrp.pma.entities.Project@5184c045, com.jrp.pma.entities.Project@11bafe50, com.jrp.pma.entities.Project@66d9eac6, com.jrp.pma.entities.Project@3ab5f77c, com.jrp.pma.entities.Project@465cc4e1, com.jrp.pma.entities.Project@71a8e2e4, com.jrp.pma.entities.Project@6a5254a3]}] with arguments[s] = {}
2025-03-15T00:01:44.853-04:00 DEBUG 16108 --- [project-management] [http-nio-8080-exec-9] c.j.pma.logging.ApplicationLoggerAspect  : *** Done with After logging ***


2025-03-15T00:02:43.988-04:00 DEBUG 16108 --- [project-management] [http-nio-8080-exec-1] o.s.security.web.FilterChainProxy        : Securing GET /projects/timelines
2025-03-15T00:02:43.989-04:00 DEBUG 16108 --- [project-management] [http-nio-8080-exec-1] w.c.HttpSessionSecurityContextRepository : Retrieved SecurityContextImpl [Authentication=UsernamePasswordAuthenticationToken [Principal=org.springframework.security.core.userdetails.User [Username=admin, Password=[PROTECTED], Enabled=true, AccountNonExpired=true, CredentialsNonExpired=true, AccountNonLocked=true, Granted Authorities=[ROLE_ADMIN]], Credentials=[PROTECTED], Authenticated=true, Details=WebAuthenticationDetails [RemoteIpAddress=0:0:0:0:0:0:0:1, SessionId=C0B2812DFCED19F4BC82D2BBC0E15F21], Granted Authorities=[ROLE_ADMIN]]]
2025-03-15T00:02:43.989-04:00 DEBUG 16108 --- [project-management] [http-nio-8080-exec-1] o.s.security.web.FilterChainProxy        : Secured GET /projects/timelines
2025-03-15T00:02:43.989-04:00 DEBUG 16108 --- [project-management] [http-nio-8080-exec-1] c.j.pma.logging.ApplicationLoggerAspect  : 


2025-03-15T00:02:43.989-04:00 DEBUG 16108 --- [project-management] [http-nio-8080-exec-1] c.j.pma.logging.ApplicationLoggerAspect  : *** Before Method Execution *** 
 com.jrp.pma.controllers.ProjectController, displayProjectTimelines, [{}] with arguments[s] = {}
2025-03-15T00:02:43.989-04:00 DEBUG 16108 --- [project-management] [http-nio-8080-exec-1] c.j.pma.logging.ApplicationLoggerAspect  : *** Done with Before logging ***


2025-03-15T00:02:43.994-04:00 DEBUG 16108 --- [project-management] [http-nio-8080-exec-1] c.j.pma.logging.ApplicationLoggerAspect  : 


2025-03-15T00:02:43.994-04:00 DEBUG 16108 --- [project-management] [http-nio-8080-exec-1] c.j.pma.logging.ApplicationLoggerAspect  : *** After Method Execution *** 
 com.jrp.pma.controllers.ProjectController, displayProjectTimelines, [{projectTimeList=[{"startDate":1709269200000,"endDate":1719720000000,"projectDate":null},{"startDate":1715745600000,"endDate":1733029200000,"projectDate":null},{"startDate":1685592000000,"endDate":1703998800000,"projectDate":null},{"startDate":1707973200000,"endDate":1722312000000,"projectDate":null},{"startDate":1704862800000,"endDate":1730260800000,"projectDate":null},{"startDate":1690862400000,"endDate":1700024400000,"projectDate":null},{"startDate":1711944000000,"endDate":1727668800000,"projectDate":null},{"startDate":1718424000000,"endDate":1740805200000,"projectDate":null},{"startDate":1706763600000,"endDate":1728964800000,"projectDate":null},{"startDate":1693540800000,"endDate":1709096400000,"projectDate":null},{"startDate":1704430800000,"endDate":1734238800000,"projectDate":null},{"startDate":1719806400000,"endDate":1751256000000,"projectDate":null},{"startDate":1710475200000,"endDate":1727668800000,"projectDate":null},{"startDate":1714536000000,"endDate":1735621200000,"projectDate":null},{"startDate":1723262400000,"endDate":1754020800000,"projectDate":null},{"startDate":1713585600000,"endDate":1728532800000,"projectDate":null},{"startDate":1707109200000,"endDate":1734670800000,"projectDate":null},{"startDate":1682913600000,"endDate":1703998800000,"projectDate":null},{"startDate":1710046800000,"endDate":1726372800000,"projectDate":null},{"startDate":1719806400000,"endDate":1746072000000,"projectDate":null}]}] with arguments[s] = {}
2025-03-15T00:02:43.994-04:00 DEBUG 16108 --- [project-management] [http-nio-8080-exec-1] c.j.pma.logging.ApplicationLoggerAspect  : *** Done with After logging ***


